<?xml version="1.0" encoding="UTF-8"?>
<!-- Generated by org.testng.reporters.JUnitXMLReporter -->
<testsuite ignored="5" hostname="LAPTOP-C34I4R69" failures="0" tests="1" name="Default test" time="17.88" errors="0" timestamp="2023-03-04T17:13:14 PST">
  <testcase classname="com.salesforceTestCase.SalesforceAutomation" name="testcase_5" time="17.804"/>
  <testcase classname="com.salesforceTestCase.SalesforceAutomation" name="Login_Script" time="0.0">
    <ignored/>
  </testcase> <!-- Login_Script -->
  <testcase classname="com.salesforceTestCase.SalesforceAutomation" name="Loginerror_Script" time="0.0">
    <ignored/>
  </testcase> <!-- Loginerror_Script -->
  <testcase classname="com.salesforceTestCase.SalesforceAutomation" name="testlogin" time="0.0">
    <ignored/>
  </testcase> <!-- testlogin -->
  <testcase classname="com.salesforceTestCase.SalesforceAutomation" name="Forgot_password" time="0.0">
    <ignored/>
  </testcase> <!-- Forgot_password -->
  <testcase classname="com.salesforceTestCase.SalesforceAutomation" name="password_field" time="0.0">
    <ignored/>
  </testcase> <!-- password_field -->
</testsuite> <!-- Default test -->
