<?xml version="1.0" encoding="UTF-8"?>
<testng-results ignored="5" total="6" passed="1" failed="0" skipped="0">
  <reporter-output>
  </reporter-output>
  <suite started-at="2023-03-04T17:12:56 PST" name="Default suite" finished-at="2023-03-04T17:13:14 PST" duration-ms="17880">
    <groups>
    </groups>
    <test started-at="2023-03-04T17:12:56 PST" name="Default test" finished-at="2023-03-04T17:13:14 PST" duration-ms="17880">
      <class name="com.salesforceTestCase.SalesforceAutomation">
        <test-method signature="testcase_5()[pri:0, instance:com.salesforceTestCase.SalesforceAutomation@34f5090e]" started-at="2023-03-04T17:12:56 PST" name="testcase_5" finished-at="2023-03-04T17:13:14 PST" duration-ms="17804" status="PASS">
          <reporter-output>
          </reporter-output>
        </test-method> <!-- testcase_5 -->
      </class> <!-- com.salesforceTestCase.SalesforceAutomation -->
    </test> <!-- Default test -->
  </suite> <!-- Default suite -->
</testng-results>
